[debug] [2023-05-28T09:43:26.592Z] ----------------------------------------------------------------------
[debug] [2023-05-28T09:43:26.594Z] Command:       C:\Users\samir\AppData\Local\Node\node.exe C:\Users\samir\AppData\Roaming\npm\node_modules\firebase-tools\lib\bin\firebase.js deploy
[debug] [2023-05-28T09:43:26.594Z] CLI Version:   12.2.1
[debug] [2023-05-28T09:43:26.595Z] Platform:      win32
[debug] [2023-05-28T09:43:26.595Z] Node Version:  v18.16.0
[debug] [2023-05-28T09:43:26.596Z] Time:          Sun May 28 2023 15:13:26 GMT+0530 (India Standard Time)
[debug] [2023-05-28T09:43:26.596Z] ----------------------------------------------------------------------
[debug] 
[debug] [2023-05-28T09:43:26.662Z] > command requires scopes: ["email","openid","https://www.googleapis.com/auth/cloudplatformprojects.readonly","https://www.googleapis.com/auth/firebase","https://www.googleapis.com/auth/cloud-platform"]
[debug] [2023-05-28T09:43:26.662Z] > authorizing via signed-in user (samirpaulb@gmail.com)
[debug] [2023-05-28T09:43:26.662Z] [iam] checking project samirpaul for permissions ["firebase.projects.get","firebasehosting.sites.update"]
[debug] [2023-05-28T09:43:26.664Z] >>> [apiv2][query] POST https://cloudresourcemanager.googleapis.com/v1/projects/samirpaul:testIamPermissions [none]
[debug] [2023-05-28T09:43:26.664Z] >>> [apiv2][(partial)header] POST https://cloudresourcemanager.googleapis.com/v1/projects/samirpaul:testIamPermissions x-goog-quota-user=projects/samirpaul
[debug] [2023-05-28T09:43:26.664Z] >>> [apiv2][body] POST https://cloudresourcemanager.googleapis.com/v1/projects/samirpaul:testIamPermissions {"permissions":["firebase.projects.get","firebasehosting.sites.update"]}
[debug] [2023-05-28T09:43:28.452Z] <<< [apiv2][status] POST https://cloudresourcemanager.googleapis.com/v1/projects/samirpaul:testIamPermissions 200
[debug] [2023-05-28T09:43:28.454Z] <<< [apiv2][body] POST https://cloudresourcemanager.googleapis.com/v1/projects/samirpaul:testIamPermissions {"permissions":["firebase.projects.get","firebasehosting.sites.update"]}
[debug] [2023-05-28T09:43:28.457Z] >>> [apiv2][query] GET https://firebase.googleapis.com/v1beta1/projects/samirpaul [none]
[debug] [2023-05-28T09:43:29.245Z] <<< [apiv2][status] GET https://firebase.googleapis.com/v1beta1/projects/samirpaul 200
[debug] [2023-05-28T09:43:29.245Z] <<< [apiv2][body] GET https://firebase.googleapis.com/v1beta1/projects/samirpaul {"projectId":"samirpaul","projectNumber":"322648510966","displayName":"samirpaul","name":"projects/samirpaul","resources":{"hostingSite":"samirpaul-bf6fc"},"state":"ACTIVE","etag":"1_62e330c6-3a67-41f9-9a36-d8161d05dba1"}
[info] 
[info] === Deploying to 'samirpaul'...
[info] 
[info] i  deploying hosting 
[debug] [2023-05-28T09:43:29.262Z] >>> [apiv2][query] POST https://firebasehosting.googleapis.com/v1beta1/projects/-/sites/scdn/versions [none]
[debug] [2023-05-28T09:43:29.262Z] >>> [apiv2][body] POST https://firebasehosting.googleapis.com/v1beta1/projects/-/sites/scdn/versions {"status":"CREATED","labels":{"deployment-tool":"cli-firebase"}}
[debug] [2023-05-28T09:43:30.893Z] <<< [apiv2][status] POST https://firebasehosting.googleapis.com/v1beta1/projects/-/sites/scdn/versions 200
[debug] [2023-05-28T09:43:30.893Z] <<< [apiv2][body] POST https://firebasehosting.googleapis.com/v1beta1/projects/-/sites/scdn/versions {"name":"projects/322648510966/sites/scdn/versions/f380e1c279ccea33","status":"CREATED","config":{},"labels":{"deployment-tool":"cli-firebase"}}
[info] i  hosting[scdn]: beginning deploy... 
[info] i  hosting[scdn]: found 900 files in / 
[debug] [2023-05-28T09:43:31.025Z] [hosting] uploading with 200 concurrency
